Building DAG of jobs...
Using shell: /usr/bin/bash
Provided cluster nodes: 128
Job counts:
	count	jobs
	1	all
	1	parseIllumina
	2
Welcome to the CBC MILP Solver 
Version: 2.9.0 
Build Date: Feb 12 2015 

command line - /public/home/liuzj/softwares/anaconda3/lib/python3.8/site-packages/pulp/apis/../solverdir/cbc/linux/64/cbc /tmp/66df95b97dc8472497c447b309b10c45-pulp.mps max ratio None allow None threads None presolve on strong None gomory on knapsack on probing on branch printingOptions all solution /tmp/66df95b97dc8472497c447b309b10c45-pulp.sol (default strategy 1)
At line 2 NAME          MODEL
At line 3 ROWS
At line 7 COLUMNS
At line 13 RHS
At line 16 BOUNDS
At line 18 ENDATA
Problem MODEL has 2 rows, 1 columns and 2 elements
Coin0008I MODEL read with 0 errors
String of None is illegal for double parameter ratioGap value remains 0
String of None is illegal for double parameter allowableGap value remains 0
String of None is illegal for integer parameter threads value remains 0
String of None is illegal for integer parameter strongBranching value remains 5
Option for gomoryCuts changed from ifmove to on
Option for knapsackCuts changed from ifmove to on
Continuous objective value is 3 - 0.00 seconds
Cgl0004I processed model has 0 rows, 0 columns (0 integer (0 of which binary)) and 0 elements
Cbc3007W No integer variables - nothing to do
Cuts at root node changed objective from -3 to -1.79769e+308
Probing was tried 0 times and created 0 cuts of which 0 were active after adding rounds of cuts (0.000 seconds)
Gomory was tried 0 times and created 0 cuts of which 0 were active after adding rounds of cuts (0.000 seconds)
Knapsack was tried 0 times and created 0 cuts of which 0 were active after adding rounds of cuts (0.000 seconds)
Clique was tried 0 times and created 0 cuts of which 0 were active after adding rounds of cuts (0.000 seconds)
MixedIntegerRounding2 was tried 0 times and created 0 cuts of which 0 were active after adding rounds of cuts (0.000 seconds)
FlowCover was tried 0 times and created 0 cuts of which 0 were active after adding rounds of cuts (0.000 seconds)
TwoMirCuts was tried 0 times and created 0 cuts of which 0 were active after adding rounds of cuts (0.000 seconds)

Result - Optimal solution found

Objective value:                3.00000000
Enumerated nodes:               0
Total iterations:               0
Time (CPU seconds):             0.00
Time (Wallclock seconds):       0.00

Option for printingOptions changed from normal to all
Total time (CPU seconds):       0.00   (Wallclock seconds):       0.00


[Wed Oct 14 22:54:27 2020]
rule parseIllumina:
    input: /public/home/liuzj/publicPipeline/snuupy/example/snakemakeResults/step3_rerunCellRanger/rerunCellRangerFinished.empty
    output: /public/home/liuzj/publicPipeline/snuupy/example/snakemakeResults/step4_parseIllumina/parseIlluminaResults.index
    jobid: 1
    threads: 2


cd /public/home/liuzj/publicPipeline/snuupy/
gzip -d -c /public/home/liuzj/publicPipeline/snuupy/example/snakemakeResults/step3_rerunCellRanger/test/outs/filtered_feature_bc_matrix/barcodes.tsv.gz &&
python ./snuupy/snuupy.py parseIllumina --bam /public/home/liuzj/publicPipeline/snuupy/example/snakemakeResults/step3_rerunCellRanger/test/outs/possorted_genome_bam.bam --barcode /public/home/liuzj/publicPipeline/snuupy/example/snakemakeResults/step3_rerunCellRanger/test/outs/filtered_feature_bc_matrix/barcodes.tsv --genome /public/home/liuzj/publicPipeline/snuupy/example/00_data/ref/annoFile/genome.fa.fai --window 500 --parsed /public/home/liuzj/publicPipeline/snuupy/example/snakemakeResults/step4_parseIllumina/parseIlluminaResults.index
        
Submitted job 1 with external jobid 'jsub Id: 451184'.
[Wed Oct 14 22:54:47 2020]
Error in rule parseIllumina:
    jobid: 1
    output: /public/home/liuzj/publicPipeline/snuupy/example/snakemakeResults/step4_parseIllumina/parseIlluminaResults.index
    shell:
        
cd /public/home/liuzj/publicPipeline/snuupy/
gzip -d -c /public/home/liuzj/publicPipeline/snuupy/example/snakemakeResults/step3_rerunCellRanger/test/outs/filtered_feature_bc_matrix/barcodes.tsv.gz &&
python ./snuupy/snuupy.py parseIllumina --bam /public/home/liuzj/publicPipeline/snuupy/example/snakemakeResults/step3_rerunCellRanger/test/outs/possorted_genome_bam.bam --barcode /public/home/liuzj/publicPipeline/snuupy/example/snakemakeResults/step3_rerunCellRanger/test/outs/filtered_feature_bc_matrix/barcodes.tsv --genome /public/home/liuzj/publicPipeline/snuupy/example/00_data/ref/annoFile/genome.fa.fai --window 500 --parsed /public/home/liuzj/publicPipeline/snuupy/example/snakemakeResults/step4_parseIllumina/parseIlluminaResults.index
        
        (one of the commands exited with non-zero exit code; note that snakemake uses bash strict mode!)
    cluster_jobid: jsub Id: 451184

Error executing rule parseIllumina on cluster (jobid: 1, external: jsub Id: 451184, jobscript: /public/home/liuzj/publicPipeline/snuupy/snakemake/.snakemake/tmp.6_tg0nye/snakejob.parseIllumina.1.sh). For error details see the cluster log and the log files of the involved rule(s).
Shutting down, this might take some time.
Exiting because a job execution failed. Look above for error message
Complete log: /public/home/liuzj/publicPipeline/snuupy/snakemake/.snakemake/log/2020-10-14T225427.668821.snakemake.log
